\BOOKMARK [0][-]{chapter.1}{Introduction}{}% 1
\BOOKMARK [1][-]{section.1.1}{Motivations}{chapter.1}% 2
\BOOKMARK [1][-]{section.1.2}{Aims}{chapter.1}% 3
\BOOKMARK [1][-]{section.1.3}{Project Overview}{chapter.1}% 4
\BOOKMARK [2][-]{subsection.1.3.1}{Data Analyser}{section.1.3}% 5
\BOOKMARK [2][-]{subsection.1.3.2}{Front-end}{section.1.3}% 6
\BOOKMARK [2][-]{subsection.1.3.3}{Back-end}{section.1.3}% 7
\BOOKMARK [1][-]{section.1.4}{Overview of report structure}{chapter.1}% 8
\BOOKMARK [0][-]{chapter.2}{Context}{}% 9
\BOOKMARK [1][-]{section.2.1}{Tools}{chapter.2}% 10
\BOOKMARK [0][-]{chapter.3}{Design and Implementation}{}% 11
\BOOKMARK [1][-]{section.3.1}{System architecture}{chapter.3}% 12
\BOOKMARK [1][-]{section.3.2}{Text analysis}{chapter.3}% 13
\BOOKMARK [2][-]{subsection.3.2.1}{Lexical Analysis}{section.3.2}% 14
\BOOKMARK [2][-]{subsection.3.2.2}{Syntactic Analysis}{section.3.2}% 15
\BOOKMARK [2][-]{subsection.3.2.3}{Semantic analysis}{section.3.2}% 16
\BOOKMARK [1][-]{section.3.3}{Sentiment analysis}{chapter.3}% 17
\BOOKMARK [2][-]{subsection.3.3.1}{Motivation}{section.3.3}% 18
\BOOKMARK [2][-]{subsection.3.3.2}{Supervised machine learning problem}{section.3.3}% 19
\BOOKMARK [2][-]{subsection.3.3.3}{Feature extraction}{section.3.3}% 20
\BOOKMARK [2][-]{subsection.3.3.4}{Training sentiment classifier}{section.3.3}% 21
\BOOKMARK [1][-]{section.3.4}{Front-end and Back-end}{chapter.3}% 22
\BOOKMARK [2][-]{subsection.3.4.1}{Django web framework}{section.3.4}% 23
\BOOKMARK [2][-]{subsection.3.4.2}{User manual}{section.3.4}% 24
\BOOKMARK [0][-]{chapter.4}{Testing and Results Evaluation}{}% 25
\BOOKMARK [1][-]{section.4.1}{Evaluation metrics}{chapter.4}% 26
\BOOKMARK [1][-]{section.4.2}{Reasoning of model performance}{chapter.4}% 27
\BOOKMARK [1][-]{section.4.3}{Decision Tree Classifier}{chapter.4}% 28
\BOOKMARK [1][-]{section.4.4}{Support vector machine}{chapter.4}% 29
\BOOKMARK [1][-]{section.4.5}{Random Forest Classifier}{chapter.4}% 30
\BOOKMARK [1][-]{section.4.6}{MLP Classifier}{chapter.4}% 31
\BOOKMARK [1][-]{section.4.7}{Model Selection}{chapter.4}% 32
\BOOKMARK [0][-]{chapter.5}{Conclusions and Evaluation}{}% 33
\BOOKMARK [1][-]{section.5.1}{Achievements}{chapter.5}% 34
\BOOKMARK [1][-]{section.5.2}{Challenges and Evaluation}{chapter.5}% 35
\BOOKMARK [1][-]{section.5.3}{Future Work}{chapter.5}% 36
\BOOKMARK [0][-]{appendix.A}{Code}{}% 37
